<?xml version="1.0" encoding="UTF-8"?>
<testng-results skipped="0" failed="1" total="1" passed="0">
  <reporter-output>
  </reporter-output>
  <suite name="Default suite" duration-ms="5315" started-at="2016-06-21T09:11:23Z" finished-at="2016-06-21T09:11:28Z">
    <groups>
    </groups>
    <test name="Default test" duration-ms="5315" started-at="2016-06-21T09:11:23Z" finished-at="2016-06-21T09:11:28Z">
      <class name="com.javascript_dom.JavaScript_DOM.DOM_practice">
        <test-method status="PASS" signature="Init()[pri:0, instance:com.javascript_dom.JavaScript_DOM.DOM_practice@1ae369b7]" name="Init" is-config="true" duration-ms="5274" started-at="2016-06-21T14:41:23Z" finished-at="2016-06-21T14:41:28Z">
          <reporter-output>
          </reporter-output>
        </test-method> <!-- Init -->
        <test-method status="FAIL" signature="Dom_Execute_Trello()[pri:0, instance:com.javascript_dom.JavaScript_DOM.DOM_practice@1ae369b7]" name="Dom_Execute_Trello" duration-ms="4" started-at="2016-06-21T14:41:28Z" finished-at="2016-06-21T14:41:28Z">
          <exception class="java.lang.NullPointerException">
            <full-stacktrace>
              <![CDATA[java.lang.NullPointerException
	at com.javascript_dom.JavaScript_DOM.GeneralHelper.ExecuteScript(GeneralHelper.java:12)
	at com.javascript_dom.JavaScript_DOM.DOM_practice.Dom_Execute_Trello(DOM_practice.java:42)
	at sun.reflect.NativeMethodAccessorImpl.invoke0(Native Method)
	at sun.reflect.NativeMethodAccessorImpl.invoke(Unknown Source)
	at sun.reflect.DelegatingMethodAccessorImpl.invoke(Unknown Source)
	at java.lang.reflect.Method.invoke(Unknown Source)
	at org.testng.internal.MethodInvocationHelper.invokeMethod(MethodInvocationHelper.java:80)
	at org.testng.internal.Invoker.invokeMethod(Invoker.java:714)
	at org.testng.internal.Invoker.invokeTestMethod(Invoker.java:901)
	at org.testng.internal.Invoker.invokeTestMethods(Invoker.java:1231)
	at org.testng.internal.TestMethodWorker.invokeTestMethods(TestMethodWorker.java:127)
	at org.testng.internal.TestMethodWorker.run(TestMethodWorker.java:111)
	at org.testng.TestRunner.privateRun(TestRunner.java:767)
	at org.testng.TestRunner.run(TestRunner.java:617)
	at org.testng.SuiteRunner.runTest(SuiteRunner.java:334)
	at org.testng.SuiteRunner.runSequentially(SuiteRunner.java:329)
	at org.testng.SuiteRunner.privateRun(SuiteRunner.java:291)
	at org.testng.SuiteRunner.run(SuiteRunner.java:240)
	at org.testng.SuiteRunnerWorker.runSuite(SuiteRunnerWorker.java:52)
	at org.testng.SuiteRunnerWorker.run(SuiteRunnerWorker.java:86)
	at org.testng.TestNG.runSuitesSequentially(TestNG.java:1198)
	at org.testng.TestNG.runSuitesLocally(TestNG.java:1123)
	at org.testng.TestNG.run(TestNG.java:1031)
	at org.testng.remote.RemoteTestNG.run(RemoteTestNG.java:115)
	at org.testng.remote.RemoteTestNG.initAndRun(RemoteTestNG.java:207)
	at org.testng.remote.RemoteTestNG.main(RemoteTestNG.java:178)
]]>
            </full-stacktrace>
          </exception> <!-- java.lang.NullPointerException -->
          <reporter-output>
          </reporter-output>
        </test-method> <!-- Dom_Execute_Trello -->
        <test-method status="PASS" signature="CleanUp()[pri:0, instance:com.javascript_dom.JavaScript_DOM.DOM_practice@1ae369b7]" name="CleanUp" is-config="true" duration-ms="26" started-at="2016-06-21T14:41:28Z" finished-at="2016-06-21T14:41:28Z">
          <reporter-output>
          </reporter-output>
        </test-method> <!-- CleanUp -->
      </class> <!-- com.javascript_dom.JavaScript_DOM.DOM_practice -->
    </test> <!-- Default test -->
  </suite> <!-- Default suite -->
</testng-results>
